<?xml version="1.0" encoding="UTF-8"?>
<!-- Generated by org.testng.reporters.JUnitXMLReporter -->
<testsuite ignored="0" hostname="Achu" failures="0" tests="3" name="Default test" time="40.101" errors="0" timestamp="2023-09-29T19:50:10 BST">
  <testcase classname="testCases.AsceContactUsFormTest" name="contactTest" time="27.049"/>
  <testcase classname="testCases.AsceContactUsFormTest" name="negativeCase1" time="0.01"/>
  <testcase classname="testCases.AsceContactUsFormTest" name="invalidDatas" time="0.011"/>
</testsuite> <!-- Default test -->
