<?xml version="1.0" encoding="UTF-8"?>
<!-- Generated by org.testng.reporters.JUnitXMLReporter -->
<testsuite ignored="0" hostname="Achu" failures="0" tests="3" name="Default test" time="48.837" errors="0" timestamp="2023-10-03T19:18:41 BST">
  <testcase classname="testCases.AsceCareerHocsTest" name="test1" time="26.137"/>
  <testcase classname="testCases.AsceCareerHocsTest" name="test2" time="11.372"/>
  <testcase classname="testCases.AsceCareerHocsTest" name="test3" time="3.274"/>
</testsuite> <!-- Default test -->
