<?xml version="1.0" encoding="UTF-8"?>
<testng-results ignored="0" total="3" passed="3" failed="0" skipped="0">
  <reporter-output>
  </reporter-output>
  <suite started-at="2023-09-27T18:57:32 BST" name="Default suite" finished-at="2023-09-27T18:58:38 BST" duration-ms="66252">
    <groups>
    </groups>
    <test started-at="2023-09-27T18:57:32 BST" name="Default test" finished-at="2023-09-27T18:58:38 BST" duration-ms="66252">
      <class name="testCases.AsceContactUsFormTest">
        <test-method is-config="true" signature="beforetest()[pri:0, instance:testCases.AsceContactUsFormTest@5e2f3be5]" started-at="2023-09-27T18:57:32 BST" name="beforetest" finished-at="2023-09-27T18:57:42 BST" duration-ms="9379" status="PASS">
          <reporter-output>
          </reporter-output>
        </test-method> <!-- beforetest -->
        <test-method signature="contactTest()[pri:1, instance:testCases.AsceContactUsFormTest@5e2f3be5]" started-at="2023-09-27T18:57:42 BST" name="contactTest" finished-at="2023-09-27T18:58:09 BST" duration-ms="26970" status="PASS">
          <reporter-output>
          </reporter-output>
        </test-method> <!-- contactTest -->
        <test-method signature="negativeCase1()[pri:2, instance:testCases.AsceContactUsFormTest@5e2f3be5]" started-at="2023-09-27T18:58:09 BST" name="negativeCase1" finished-at="2023-09-27T18:58:18 BST" duration-ms="9026" status="PASS">
          <reporter-output>
          </reporter-output>
        </test-method> <!-- negativeCase1 -->
        <test-method signature="invalidDatas()[pri:3, instance:testCases.AsceContactUsFormTest@5e2f3be5]" started-at="2023-09-27T18:58:18 BST" name="invalidDatas" finished-at="2023-09-27T18:58:38 BST" duration-ms="20199" status="PASS">
          <reporter-output>
          </reporter-output>
        </test-method> <!-- invalidDatas -->
      </class> <!-- testCases.AsceContactUsFormTest -->
    </test> <!-- Default test -->
  </suite> <!-- Default suite -->
</testng-results>
